<?xml version="1.0" encoding="UTF-8"?>
<testng-results skipped="0" failed="1" ignored="0" total="1" passed="0">
  <reporter-output>
  </reporter-output>
  <suite name="Default suite" duration-ms="70982" started-at="2021-08-11T22:03:58 AEST" finished-at="2021-08-11T22:05:09 AEST">
    <groups>
    </groups>
    <test name="Default test" duration-ms="70982" started-at="2021-08-11T22:03:58 AEST" finished-at="2021-08-11T22:05:09 AEST">
      <class name="insurance_Motorcycle.E2E_Test_Motorcycle">
        <test-method status="PASS" signature="setupmethod()[pri:0, instance:insurance_Motorcycle.E2E_Test_Motorcycle@87a85e1]" name="setupmethod" is-config="true" duration-ms="9344" started-at="2021-08-11T22:03:58 AEST" finished-at="2021-08-11T22:04:07 AEST">
          <reporter-output>
          </reporter-output>
        </test-method> <!-- setupmethod -->
        <test-method status="FAIL" signature="VehicleInsuranceCalc_Volvo()[pri:0, instance:insurance_Motorcycle.E2E_Test_Motorcycle@87a85e1]" name="VehicleInsuranceCalc_Volvo" duration-ms="48181" started-at="2021-08-11T22:04:07 AEST" finished-at="2021-08-11T22:04:56 AEST">
          <exception class="java.lang.NullPointerException">
            <full-stacktrace>
              <![CDATA[java.lang.NullPointerException
at pageObjects.HomePageObjects.clickOnMotorcycleLink(HomePageObjects.java:42)
at insurance_Motorcycle.E2E_Test_Motorcycle.VehicleInsuranceCalc_Volvo(E2E_Test_Motorcycle.java:12)
at sun.reflect.NativeMethodAccessorImpl.invoke0(Native Method)
at sun.reflect.NativeMethodAccessorImpl.invoke(Unknown Source)
at sun.reflect.DelegatingMethodAccessorImpl.invoke(Unknown Source)
at java.lang.reflect.Method.invoke(Unknown Source)
at org.testng.internal.MethodInvocationHelper.invokeMethod(MethodInvocationHelper.java:133)
at org.testng.internal.TestInvoker.invokeMethod(TestInvoker.java:598)
at org.testng.internal.TestInvoker.invokeTestMethod(TestInvoker.java:173)
at org.testng.internal.MethodRunner.runInSequence(MethodRunner.java:46)
at org.testng.internal.TestInvoker$MethodInvocationAgent.invoke(TestInvoker.java:824)
at org.testng.internal.TestInvoker.invokeTestMethods(TestInvoker.java:146)
at org.testng.internal.TestMethodWorker.invokeTestMethods(TestMethodWorker.java:146)
at org.testng.internal.TestMethodWorker.run(TestMethodWorker.java:128)
at java.util.ArrayList.forEach(Unknown Source)
at org.testng.TestRunner.privateRun(TestRunner.java:794)
at org.testng.TestRunner.run(TestRunner.java:596)
at org.testng.SuiteRunner.runTest(SuiteRunner.java:377)
at org.testng.SuiteRunner.runSequentially(SuiteRunner.java:371)
at org.testng.SuiteRunner.privateRun(SuiteRunner.java:332)
at org.testng.SuiteRunner.run(SuiteRunner.java:276)
at org.testng.SuiteRunnerWorker.runSuite(SuiteRunnerWorker.java:53)
at org.testng.SuiteRunnerWorker.run(SuiteRunnerWorker.java:96)
at org.testng.TestNG.runSuitesSequentially(TestNG.java:1212)
at org.testng.TestNG.runSuitesLocally(TestNG.java:1134)
at org.testng.TestNG.runSuites(TestNG.java:1063)
at org.testng.TestNG.run(TestNG.java:1031)
at org.testng.remote.AbstractRemoteTestNG.run(AbstractRemoteTestNG.java:115)
at org.testng.remote.RemoteTestNG.initAndRun(RemoteTestNG.java:251)
at org.testng.remote.RemoteTestNG.main(RemoteTestNG.java:77)
]]>
            </full-stacktrace>
          </exception> <!-- java.lang.NullPointerException -->
          <reporter-output>
          </reporter-output>
        </test-method> <!-- VehicleInsuranceCalc_Volvo -->
        <test-method status="PASS" signature="cleanUp()[pri:0, instance:insurance_Motorcycle.E2E_Test_Motorcycle@87a85e1]" name="cleanUp" is-config="true" duration-ms="856" started-at="2021-08-11T22:04:56 AEST" finished-at="2021-08-11T22:04:57 AEST">
          <reporter-output>
          </reporter-output>
        </test-method> <!-- cleanUp -->
      </class> <!-- insurance_Motorcycle.E2E_Test_Motorcycle -->
    </test> <!-- Default test -->
  </suite> <!-- Default suite -->
</testng-results>
